c:\users\tongji2018\desktop\excalib_data_autocollector\prj\x64\debug\vc141.pdb
c:\users\tongji2018\desktop\excalib_data_autocollector\prj\x64\debug\vc141.idb
c:\users\tongji2018\desktop\excalib_data_autocollector\prj\x64\debug\serial_port.obj
c:\users\tongji2018\desktop\excalib_data_autocollector\prj\x64\debug\remote_ctrl.obj
c:\users\tongji2018\desktop\excalib_data_autocollector\prj\x64\debug\gauss_cal.obj
c:\users\tongji2018\desktop\excalib_data_autocollector\prj\x64\debug\crc.obj
c:\users\tongji2018\desktop\excalib_data_autocollector\prj\x64\debug\main.obj
c:\users\tongji2018\desktop\excalib_data_autocollector\prj\x64\debug\cross_center.obj
c:\users\tongji2018\desktop\excalib_data_autocollector\prj\x64\debug\camera_sdk.obj
c:\users\tongji2018\desktop\excalib_data_autocollector\prj\x64\debug\cameractrl.obj
c:\users\tongji2018\desktop\excalib_data_autocollector\prj\x64\debug\angle_sensor.obj
c:\users\tongji2018\desktop\excalib_data_autocollector\output\x64\debug\auto_calib.exe
c:\users\tongji2018\desktop\excalib_data_autocollector\output\x64\debug\auto_calib.ilk
c:\users\tongji2018\desktop\excalib_data_autocollector\output\x64\debug\auto_calib.pdb
c:\users\tongji2018\desktop\excalib_data_autocollector\prj\x64\debug\vc142.idb
c:\users\tongji2018\desktop\excalib_data_autocollector\prj\x64\debug\vc142.pdb
c:\users\tongji2018\desktop\excalib_data_autocollector\prj\..\output\x64\debug\auto_calib.pdb
c:\users\tongji2018\desktop\excalib_data_autocollector\prj\..\output\x64\debug\auto_calib.exe
c:\users\tongji2018\desktop\excalib_data_autocollector\prj\..\output\x64\debug\auto_calib.ilk
c:\users\tongji2018\desktop\excalib_data_autocollector\prj\x64\debug\auto_calib.tlog\cl.command.1.tlog
c:\users\tongji2018\desktop\excalib_data_autocollector\prj\x64\debug\auto_calib.tlog\cl.read.1.tlog
c:\users\tongji2018\desktop\excalib_data_autocollector\prj\x64\debug\auto_calib.tlog\cl.write.1.tlog
c:\users\tongji2018\desktop\excalib_data_autocollector\prj\x64\debug\auto_calib.tlog\link.command.1.tlog
c:\users\tongji2018\desktop\excalib_data_autocollector\prj\x64\debug\auto_calib.tlog\link.read.1.tlog
c:\users\tongji2018\desktop\excalib_data_autocollector\prj\x64\debug\auto_calib.tlog\link.write.1.tlog
